<?xml version="1.0" encoding="UTF-8"?>
<testng-results ignored="0" total="2" passed="2" failed="0" skipped="0">
  <reporter-output>
  </reporter-output>
  <suite started-at="2024-12-09T09:58:38 CET" name="User" finished-at="2024-12-09T09:58:44 CET" duration-ms="6549">
    <groups>
    </groups>
    <test started-at="2024-12-09T09:58:38 CET" name="User" finished-at="2024-12-09T09:58:44 CET" duration-ms="6549">
      <class name="com.demoqa.tests.SearchBookTests">
        <test-method is-config="true" signature="init(java.lang.reflect.Method)[pri:0, instance:com.demoqa.tests.SearchBookTests@3514a4c0]" started-at="2024-12-09T09:58:42 CET" name="init" finished-at="2024-12-09T09:58:43 CET" duration-ms="1818" status="PASS">
          <params>
            <param index="0">
              <value>
                <![CDATA[public void com.demoqa.tests.SearchBookTests.searchBookPositiveTest()]]>
              </value>
            </param>
          </params>
          <reporter-output>
          </reporter-output>
        </test-method> <!-- init -->
        <test-method is-config="true" signature="precondition()[pri:0, instance:com.demoqa.tests.SearchBookTests@3514a4c0]" started-at="2024-12-09T09:58:43 CET" name="precondition" finished-at="2024-12-09T09:58:44 CET" duration-ms="105" status="PASS">
          <reporter-output>
          </reporter-output>
        </test-method> <!-- precondition -->
        <test-method signature="searchBookPositiveTest()[pri:0, instance:com.demoqa.tests.SearchBookTests@3514a4c0]" started-at="2024-12-09T09:58:44 CET" name="searchBookPositiveTest" finished-at="2024-12-09T09:58:44 CET" duration-ms="389" status="PASS">
          <reporter-output>
          </reporter-output>
        </test-method> <!-- searchBookPositiveTest -->
        <test-method is-config="true" signature="tearDown(org.testng.ITestResult)[pri:0, instance:com.demoqa.tests.SearchBookTests@3514a4c0]" started-at="2024-12-09T09:58:44 CET" name="tearDown" finished-at="2024-12-09T09:58:44 CET" duration-ms="115" status="PASS">
          <params>
            <param index="0">
              <value>
                <![CDATA[[TestResult name=searchBookPositiveTest status=SUCCESS method=SearchBookTests.searchBookPositiveTest()[pri:0, instance:com.demoqa.tests.SearchBookTests@3514a4c0] output={null}]]]>
              </value>
            </param>
          </params>
          <reporter-output>
          </reporter-output>
        </test-method> <!-- tearDown -->
      </class> <!-- com.demoqa.tests.SearchBookTests -->
      <class name="com.demoqa.tests.LoginTests">
        <test-method is-config="true" signature="init(java.lang.reflect.Method)[pri:0, instance:com.demoqa.tests.LoginTests@140c9f39]" started-at="2024-12-09T09:58:38 CET" name="init" finished-at="2024-12-09T09:58:40 CET" duration-ms="2537" status="PASS">
          <params>
            <param index="0">
              <value>
                <![CDATA[public void com.demoqa.tests.LoginTests.loginPositiveTest()]]>
              </value>
            </param>
          </params>
          <reporter-output>
          </reporter-output>
        </test-method> <!-- init -->
        <test-method is-config="true" signature="precondition()[pri:0, instance:com.demoqa.tests.LoginTests@140c9f39]" started-at="2024-12-09T09:58:40 CET" name="precondition" finished-at="2024-12-09T09:58:40 CET" duration-ms="313" status="PASS">
          <reporter-output>
          </reporter-output>
        </test-method> <!-- precondition -->
        <test-method signature="loginPositiveTest()[pri:0, instance:com.demoqa.tests.LoginTests@140c9f39]" started-at="2024-12-09T09:58:40 CET" name="loginPositiveTest" finished-at="2024-12-09T09:58:42 CET" duration-ms="1115" status="PASS">
          <reporter-output>
          </reporter-output>
        </test-method> <!-- loginPositiveTest -->
        <test-method is-config="true" signature="tearDown(org.testng.ITestResult)[pri:0, instance:com.demoqa.tests.LoginTests@140c9f39]" started-at="2024-12-09T09:58:42 CET" name="tearDown" finished-at="2024-12-09T09:58:42 CET" duration-ms="128" status="PASS">
          <params>
            <param index="0">
              <value>
                <![CDATA[[TestResult name=loginPositiveTest status=SUCCESS method=LoginTests.loginPositiveTest()[pri:0, instance:com.demoqa.tests.LoginTests@140c9f39] output={null}]]]>
              </value>
            </param>
          </params>
          <reporter-output>
          </reporter-output>
        </test-method> <!-- tearDown -->
      </class> <!-- com.demoqa.tests.LoginTests -->
    </test> <!-- User -->
  </suite> <!-- User -->
</testng-results>
